Build started 12/10/2012 11:51:41 PM.
     1>Project "C:\CUDA Projects\SoundPropagation\SoundPropagation\SoundPropagation.vcxproj" on node 2 (build target(s)).
     1>InitializeBuildStatus:
         Creating "x64\Debug\SoundPropagation.unsuccessfulbuild" because "AlwaysCreate" was specified.
       AddCudaCompileDeps:
       Skipping target "AddCudaCompileDeps" because all output files are up-to-date with respect to the input files.
       AddCudaCompilePropsDeps:
         Found "CudaToolkitCustomDir".
         Found "AdditionalDeps".
         Found "CompileOut".
         Found "Include".
         Found "Keep".
         Found "KeepDir".
         Found "NvccCompilation".
         Found "NvccPath".
         Found "RequiredIncludes".
         Found "TargetMachinePlatform".
         Found "CInterleavedPTX".
         Found "CodeGeneration".
         Found "GPUDebugInfo".
         Found "MaxRegCount".
         Found "PtxAsOptionV".
         Found "AdditionalCompilerOptions".
         Found "Defines".
         Found "Emulation".
         Found "HostDebugInfo".
         Found "FastMath".
         Found "Optimization".
         Found "Runtime".
         Found "RuntimeChecks".
         Found "TypeInfo".
         Found "Warning".
         Found "AdditionalOptions".
         Found "CommandLineTemplate".
       CudaBuild:
       Skipping target "CudaBuild" because all output files are up-to-date with respect to the input files.
       ClCompile:
         All outputs are up-to-date.
       ManifestResourceCompile:
         All outputs are up-to-date.
       Link:
         c:\Program Files (x86)\Microsoft Visual Studio 10.0\VC\bin\x86_amd64\link.exe /ERRORREPORT:PROMPT /OUT:"C:\CUDA Projects\SoundPropagation\x64\Debug\SoundPropagation.dll" /INCREMENTAL /NOLOGO /LIBPATH:"C:\Program Files\NVIDIA GPU Computing Toolkit\CUDA\v4.2\lib\x64" cudart.lib kernel32.lib user32.lib gdi32.lib winspool.lib comdlg32.lib advapi32.lib shell32.lib ole32.lib oleaut32.lib uuid.lib odbc32.lib odbccp32.lib kernel32.lib user32.lib gdi32.lib winspool.lib comdlg32.lib advapi32.lib shell32.lib ole32.lib oleaut32.lib uuid.lib odbc32.lib odbccp32.lib /MANIFEST /ManifestFile:"x64\Debug\SoundPropagation.dll.intermediate.manifest" /MANIFESTUAC:"level='asInvoker' uiAccess='false'" /DEBUG /PDB:"C:\CUDA Projects\SoundPropagation\x64\Debug\SoundPropagation.pdb" /SUBSYSTEM:WINDOWS /TLBID:1 /DYNAMICBASE /NXCOMPAT /IMPLIB:"C:\CUDA Projects\SoundPropagation\x64\Debug\SoundPropagation.lib" /MACHINE:X64 /DLL x64\Debug\SoundPropagation.cu.obj
         x64\Debug\SoundPropagation.dll.embed.manifest.res
         x64\Debug\main.obj
            Creating library C:\CUDA Projects\SoundPropagation\x64\Debug\SoundPropagation.lib and object C:\CUDA Projects\SoundPropagation\x64\Debug\SoundPropagation.exp
         SoundPropagation.vcxproj -> C:\CUDA Projects\SoundPropagation\x64\Debug\SoundPropagation.dll
       Manifest:
         c:\Program Files (x86)\Microsoft SDKs\Windows\v7.0A\bin\mt.exe /nologo /verbose /out:"x64\Debug\SoundPropagation.dll.embed.manifest" /manifest x64\Debug\SoundPropagation.dll.intermediate.manifest
         All outputs are up-to-date.
       LinkEmbedManifest:
         All outputs are up-to-date.
         SoundPropagation.vcxproj -> C:\CUDA Projects\SoundPropagation\x64\Debug\SoundPropagation.dll
       FinalizeBuildStatus:
         Deleting file "x64\Debug\SoundPropagation.unsuccessfulbuild".
         Touching "x64\Debug\SoundPropagation.lastbuildstate".
     1>Done Building Project "C:\CUDA Projects\SoundPropagation\SoundPropagation\SoundPropagation.vcxproj" (build target(s)).

Build succeeded.

Time Elapsed 00:00:01.68
