Build started 12/13/2012 11:28:13 PM.
     1>Project "C:\CUDA Projects\SoundPropagation\SoundPropagation\SoundPropagation.vcxproj" on node 2 (CudaBuild target(s)).
     1>AddCudaCompileDeps:
         c:\Program Files (x86)\Microsoft Visual Studio 10.0\VC\bin\cl.exe /E /nologo /showIncludes /TP /D__CUDACC__ /I"C:\Program Files\NVIDIA GPU Computing Toolkit\CUDA\v4.2\bin" /I"C:\Program Files\NVIDIA GPU Computing Toolkit\CUDA\v4.2\include" /I. /FIcuda_runtime.h /c "C:\CUDA Projects\SoundPropagation\SoundPropagation\SoundPropagation.cu" 
       AddCudaCompilePropsDeps:
       Skipping target "AddCudaCompilePropsDeps" because all output files are up-to-date with respect to the input files.
       CudaBuild:
         Compiling CUDA source file SoundPropagation.cu...
         cmd.exe /C "C:\Users\Pancho\AppData\Local\Temp\628be1f0428c40b68ea5c2caf4340edd.cmd"
         "C:\Program Files\NVIDIA GPU Computing Toolkit\CUDA\v4.2\bin\nvcc.exe" -gencode=arch=compute_10,code=\"sm_10,compute_10\" --use-local-env --cl-version 2010 -ccbin "c:\Program Files (x86)\Microsoft Visual Studio 10.0\VC\bin"  -I"C:\Program Files\NVIDIA GPU Computing Toolkit\CUDA\v4.2\include"    --keep-dir "Release" -maxrregcount=0  --machine 32 --compile      -Xcompiler "/EHsc /nologo /Od /Zi  /MD  " -o "Release\SoundPropagation.cu.obj" "C:\CUDA Projects\SoundPropagation\SoundPropagation\SoundPropagation.cu"
         
         C:\CUDA Projects\SoundPropagation\SoundPropagation>"C:\Program Files\NVIDIA GPU Computing Toolkit\CUDA\v4.2\bin\nvcc.exe" -gencode=arch=compute_10,code=\"sm_10,compute_10\" --use-local-env --cl-version 2010 -ccbin "c:\Program Files (x86)\Microsoft Visual Studio 10.0\VC\bin"  -I"C:\Program Files\NVIDIA GPU Computing Toolkit\CUDA\v4.2\include"    --keep-dir "Release" -maxrregcount=0  --machine 32 --compile      -Xcompiler "/EHsc /nologo /Od /Zi  /MD  " -o "Release\SoundPropagation.cu.obj" "C:\CUDA Projects\SoundPropagation\SoundPropagation\SoundPropagation.cu" 
         SoundPropagation.cu
         tmpxft_000015e0_00000000-0_SoundPropagation.cudafe1.gpu
         tmpxft_000015e0_00000000-5_SoundPropagation.cudafe2.gpu
         SoundPropagation.cu
     1>C:/CUDA Projects/SoundPropagation/SoundPropagation/SoundPropagation.cu(15): warning : Cannot tell what pointer points to, assuming global memory space
     1>C:/CUDA Projects/SoundPropagation/SoundPropagation/SoundPropagation.cu(16): warning : Cannot tell what pointer points to, assuming global memory space
     1>C:/CUDA Projects/SoundPropagation/SoundPropagation/SoundPropagation.cu(22): warning : Cannot tell what pointer points to, assuming global memory space
     1>C:/CUDA Projects/SoundPropagation/SoundPropagation/SoundPropagation.cu(23): warning : Cannot tell what pointer points to, assuming global memory space
     1>C:/CUDA Projects/SoundPropagation/SoundPropagation/SoundPropagation.cu(24): warning : Cannot tell what pointer points to, assuming global memory space
     1>C:/CUDA Projects/SoundPropagation/SoundPropagation/SoundPropagation.cu(25): warning : Cannot tell what pointer points to, assuming global memory space
     1>C:/CUDA Projects/SoundPropagation/SoundPropagation/SoundPropagation.cu(22): warning : Cannot tell what pointer points to, assuming global memory space
     1>C:/CUDA Projects/SoundPropagation/SoundPropagation/SoundPropagation.cu(23): warning : Cannot tell what pointer points to, assuming global memory space
     1>C:/CUDA Projects/SoundPropagation/SoundPropagation/SoundPropagation.cu(24): warning : Cannot tell what pointer points to, assuming global memory space
     1>C:/CUDA Projects/SoundPropagation/SoundPropagation/SoundPropagation.cu(25): warning : Cannot tell what pointer points to, assuming global memory space
     1>C:/CUDA Projects/SoundPropagation/SoundPropagation/SoundPropagation.cu(22): warning : Cannot tell what pointer points to, assuming global memory space
     1>C:/CUDA Projects/SoundPropagation/SoundPropagation/SoundPropagation.cu(23): warning : Cannot tell what pointer points to, assuming global memory space
     1>C:/CUDA Projects/SoundPropagation/SoundPropagation/SoundPropagation.cu(24): warning : Cannot tell what pointer points to, assuming global memory space
     1>C:/CUDA Projects/SoundPropagation/SoundPropagation/SoundPropagation.cu(25): warning : Cannot tell what pointer points to, assuming global memory space
     1>C:/CUDA Projects/SoundPropagation/SoundPropagation/SoundPropagation.cu(22): warning : Cannot tell what pointer points to, assuming global memory space
     1>C:/CUDA Projects/SoundPropagation/SoundPropagation/SoundPropagation.cu(23): warning : Cannot tell what pointer points to, assuming global memory space
     1>C:/CUDA Projects/SoundPropagation/SoundPropagation/SoundPropagation.cu(24): warning : Cannot tell what pointer points to, assuming global memory space
     1>C:/CUDA Projects/SoundPropagation/SoundPropagation/SoundPropagation.cu(25): warning : Cannot tell what pointer points to, assuming global memory space
     1>C:/CUDA Projects/SoundPropagation/SoundPropagation/SoundPropagation.cu(37): warning : Cannot tell what pointer points to, assuming global memory space
     1>C:/CUDA Projects/SoundPropagation/SoundPropagation/SoundPropagation.cu(37): warning : Cannot tell what pointer points to, assuming global memory space
     1>C:/CUDA Projects/SoundPropagation/SoundPropagation/SoundPropagation.cu(44): warning : Cannot tell what pointer points to, assuming global memory space
     1>C:/CUDA Projects/SoundPropagation/SoundPropagation/SoundPropagation.cu(46): warning : Cannot tell what pointer points to, assuming global memory space
     1>C:/CUDA Projects/SoundPropagation/SoundPropagation/SoundPropagation.cu(50): warning : Cannot tell what pointer points to, assuming global memory space
     1>C:/CUDA Projects/SoundPropagation/SoundPropagation/SoundPropagation.cu(51): warning : Cannot tell what pointer points to, assuming global memory space
     1>C:/CUDA Projects/SoundPropagation/SoundPropagation/SoundPropagation.cu(51): warning : Cannot tell what pointer points to, assuming global memory space
     1>C:/CUDA Projects/SoundPropagation/SoundPropagation/SoundPropagation.cu(51): warning : Cannot tell what pointer points to, assuming global memory space
     1>C:/CUDA Projects/SoundPropagation/SoundPropagation/SoundPropagation.cu(51): warning : Cannot tell what pointer points to, assuming global memory space
     1>C:/CUDA Projects/SoundPropagation/SoundPropagation/SoundPropagation.cu(51): warning : Cannot tell what pointer points to, assuming global memory space
     1>C:/CUDA Projects/SoundPropagation/SoundPropagation/SoundPropagation.cu(51): warning : Cannot tell what pointer points to, assuming global memory space
         tmpxft_000015e0_00000000-0_SoundPropagation.cudafe1.cpp
         tmpxft_000015e0_00000000-11_SoundPropagation.ii
     1>Done Building Project "C:\CUDA Projects\SoundPropagation\SoundPropagation\SoundPropagation.vcxproj" (CudaBuild target(s)).

Build succeeded.

Time Elapsed 00:00:02.35
